# JRE version: OpenJDK Runtime Environment (11.0.1+13) (build 11.0.1+13)
# Java VM: OpenJDK 64-Bit Server VM (11.0.1+13, mixed mode, tiered, g1 gc, linux-amd64)
Heap:
 garbage-first heap   total 23527424K, used 1025320K [0x00007f7268000000, 0x00007f97e8000000)
  region size 32768K, 2 young (65536K), 2 survivors (65536K)
 Metaspace       used 32243K, capacity 32723K, committed 32768K, reserved 32768K
GC Heap History (10 events):
Event: 12.684 GC heap after
{Heap after GC invocations=30 (full 0):
 garbage-first heap   total 10289152K, used 773291K [0x00007f7268000000, 0x00007f97e8000000)
  region size 32768K, 8 young (262144K), 8 survivors (262144K)
 Metaspace       used 32243K, capacity 32723K, committed 32768K, reserved 32768K
}
Event: 17.059 GC heap before
{Heap before GC invocations=30 (full 0):
 garbage-first heap   total 10289152K, used 4181163K [0x00007f7268000000, 0x00007f97e8000000)
  region size 32768K, 112 young (3670016K), 8 survivors (262144K)
 Metaspace       used 32243K, capacity 32723K, committed 32768K, reserved 32768K
}
Event: 17.420 GC heap after
{Heap after GC invocations=31 (full 0):
 garbage-first heap   total 10289152K, used 886278K [0x00007f7268000000, 0x00007f97e8000000)
  region size 32768K, 11 young (360448K), 11 survivors (360448K)
 Metaspace       used 32243K, capacity 32723K, committed 32768K, reserved 32768K
}
Event: 17.729 GC heap before
{Heap before GC invocations=31 (full 0):
 garbage-first heap   total 10289152K, used 1279494K [0x00007f7268000000, 0x00007f97e8000000)
  region size 32768K, 23 young (753664K), 11 survivors (360448K)
 Metaspace       used 32243K, capacity 32723K, committed 32768K, reserved 32768K
}
Event: 18.133 GC heap after
{Heap after GC invocations=32 (full 0):
 garbage-first heap   total 10289152K, used 918383K [0x00007f7268000000, 0x00007f97e8000000)
  region size 32768K, 2 young (65536K), 2 survivors (65536K)
 Metaspace       used 32243K, capacity 32723K, committed 32768K, reserved 32768K
}
Event: 18.871 GC heap before
{Heap before GC invocations=32 (full 0):
 garbage-first heap   total 10289152K, used 1803119K [0x00007f7268000000, 0x00007f97e8000000)
  region size 32768K, 29 young (950272K), 2 survivors (65536K)
 Metaspace       used 32243K, capacity 32723K, committed 32768K, reserved 32768K
}
Event: 18.883 GC heap after
{Heap after GC invocations=33 (full 0):
 garbage-first heap   total 10289152K, used 912627K [0x00007f7268000000, 0x00007f97e8000000)
  region size 32768K, 2 young (65536K), 2 survivors (65536K)
 Metaspace       used 32243K, capacity 32723K, committed 32768K, reserved 32768K
}
Event: 19.827 GC heap before
{Heap before GC invocations=33 (full 0):
 garbage-first heap   total 10289152K, used 2223347K [0x00007f7268000000, 0x00007f97e8000000)
  region size 32768K, 42 young (1376256K), 2 survivors (65536K)
 Metaspace       used 32243K, capacity 32723K, committed 32768K, reserved 32768K
}
Event: 19.953 GC heap after
{Heap after GC invocations=34 (full 0):
 garbage-first heap   total 10289152K, used 983695K [0x00007f7268000000, 0x00007f97e8000000)
  region size 32768K, 4 young (131072K), 4 survivors (131072K)
 Metaspace       used 32243K, capacity 32723K, committed 32768K, reserved 32768K
}
Event: 20.439 GC heap before
{Heap before GC invocations=34 (full 0):
 garbage-first heap   total 10289152K, used 1835663K [0x00007f7268000000, 0x00007f97e8000000)
  region size 32768K, 30 young (983040K), 4 survivors (131072K)
 Metaspace       used 32243K, capacity 32723K, committed 32768K, reserved 32768K
}

