# JRE version: OpenJDK Runtime Environment (11.0.1+13) (build 11.0.1+13)
# Java VM: OpenJDK 64-Bit Server VM (11.0.1+13, mixed mode, tiered, g1 gc, linux-amd64)
Heap:
 garbage-first heap   total 26509312K, used 1304113K [0x00007edcce000000, 0x00007f3ee8000000)
  region size 32768K, 10 young (327680K), 10 survivors (327680K)
 Metaspace       used 32210K, capacity 32654K, committed 32768K, reserved 32768K
GC Heap History (10 events):
Event: 7.180 GC heap after
{Heap after GC invocations=29 (full 0):
 garbage-first heap   total 5668864K, used 658008K [0x00007edcce000000, 0x00007f3ee8000000)
  region size 32768K, 5 young (163840K), 5 survivors (163840K)
 Metaspace       used 32204K, capacity 32654K, committed 32768K, reserved 32768K
}
Event: 7.774 GC heap before
{Heap before GC invocations=29 (full 0):
 garbage-first heap   total 5668864K, used 1837656K [0x00007edcce000000, 0x00007f3ee8000000)
  region size 32768K, 41 young (1343488K), 5 survivors (163840K)
 Metaspace       used 32204K, capacity 32654K, committed 32768K, reserved 32768K
}
Event: 7.850 GC heap after
{Heap after GC invocations=30 (full 0):
 garbage-first heap   total 12976128K, used 750948K [0x00007edcce000000, 0x00007f3ee8000000)
  region size 32768K, 6 young (196608K), 6 survivors (196608K)
 Metaspace       used 32204K, capacity 32654K, committed 32768K, reserved 32768K
}
Event: 8.966 GC heap before
{Heap before GC invocations=30 (full 0):
 garbage-first heap   total 12976128K, used 2028900K [0x00007edcce000000, 0x00007f3ee8000000)
  region size 32768K, 45 young (1474560K), 6 survivors (196608K)
 Metaspace       used 32210K, capacity 32654K, committed 32768K, reserved 32768K
}
Event: 9.042 GC heap after
{Heap after GC invocations=31 (full 0):
 garbage-first heap   total 12976128K, used 835474K [0x00007edcce000000, 0x00007f3ee8000000)
  region size 32768K, 6 young (196608K), 6 survivors (196608K)
 Metaspace       used 32210K, capacity 32654K, committed 32768K, reserved 32768K
}
Event: 10.402 GC heap before
{Heap before GC invocations=31 (full 0):
 garbage-first heap   total 12976128K, used 2965394K [0x00007edcce000000, 0x00007f3ee8000000)
  region size 32768K, 71 young (2326528K), 6 survivors (196608K)
 Metaspace       used 32210K, capacity 32654K, committed 32768K, reserved 32768K
}
Event: 10.502 GC heap after
{Heap after GC invocations=32 (full 0):
 garbage-first heap   total 12976128K, used 999584K [0x00007edcce000000, 0x00007f3ee8000000)
  region size 32768K, 8 young (262144K), 8 survivors (262144K)
 Metaspace       used 32210K, capacity 32654K, committed 32768K, reserved 32768K
}
Event: 11.751 GC heap before
{Heap before GC invocations=32 (full 0):
 garbage-first heap   total 12976128K, used 3096736K [0x00007edcce000000, 0x00007f3ee8000000)
  region size 32768K, 72 young (2359296K), 8 survivors (262144K)
 Metaspace       used 32210K, capacity 32654K, committed 32768K, reserved 32768K
}
Event: 11.838 GC heap after
{Heap after GC invocations=33 (full 0):
 garbage-first heap   total 12976128K, used 1133301K [0x00007edcce000000, 0x00007f3ee8000000)
  region size 32768K, 5 young (163840K), 5 survivors (163840K)
 Metaspace       used 32210K, capacity 32654K, committed 32768K, reserved 32768K
}
Event: 13.343 GC heap before
{Heap before GC invocations=33 (full 0):
 garbage-first heap   total 12976128K, used 3787509K [0x00007edcce000000, 0x00007f3ee8000000)
  region size 32768K, 86 young (2818048K), 5 survivors (163840K)
 Metaspace       used 32210K, capacity 32654K, committed 32768K, reserved 32768K
}

